
2024/11/28 14:47:55 [32m/Users/joshuanissenbaum/Programming/scriptag/services/go-api/config/db.go:43
[0m[33m[7.135ms] [34;1m[rows:1][0m SELECT count(*) FROM information_schema.tables WHERE table_schema = CURRENT_SCHEMA() AND table_name = 'users' AND table_type = 'BASE TABLE'

2024/11/28 14:47:55 [32m/Users/joshuanissenbaum/Programming/scriptag/services/go-api/config/db.go:43
[0m[33m[0.329ms] [34;1m[rows:1][0m SELECT CURRENT_DATABASE()

2024/11/28 14:47:55 [32m/Users/joshuanissenbaum/Programming/scriptag/services/go-api/config/db.go:43
[0m[33m[11.786ms] [34;1m[rows:-][0m SELECT c.column_name, c.is_nullable = 'YES', c.udt_name, c.character_maximum_length, c.numeric_precision, c.numeric_precision_radix, c.numeric_scale, c.datetime_precision, 8 * typlen, c.column_default, pd.description, c.identity_increment FROM information_schema.columns AS c JOIN pg_type AS pgt ON c.udt_name = pgt.typname LEFT JOIN pg_catalog.pg_description as pd ON pd.objsubid = c.ordinal_position AND pd.objoid = (SELECT oid FROM pg_catalog.pg_class WHERE relname = c.table_name AND relnamespace = (SELECT oid FROM pg_catalog.pg_namespace WHERE nspname = c.table_schema)) where table_catalog = $1$ AND table_schema = CURRENT_SCHEMA() AND table_name = $2$

2024/11/28 14:47:55 [32m/Users/joshuanissenbaum/Programming/scriptag/services/go-api/config/db.go:43
[0m[33m[0.987ms] [34;1m[rows:-][0m SELECT * FROM "users" LIMIT $1$

2024/11/28 14:47:55 [32m/Users/joshuanissenbaum/Programming/scriptag/services/go-api/config/db.go:43
[0m[33m[10.598ms] [34;1m[rows:-][0m SELECT constraint_name FROM information_schema.table_constraints tc JOIN information_schema.constraint_column_usage AS ccu USING (constraint_schema, constraint_catalog, table_name, constraint_name) JOIN information_schema.columns AS c ON c.table_schema = tc.constraint_schema AND tc.table_name = c.table_name AND ccu.column_name = c.column_name WHERE constraint_type IN ('PRIMARY KEY', 'UNIQUE') AND c.table_catalog = $1$ AND c.table_schema = CURRENT_SCHEMA() AND c.table_name = $2$ AND constraint_type = $3$

2024/11/28 14:47:55 [32m/Users/joshuanissenbaum/Programming/scriptag/services/go-api/config/db.go:43
[0m[33m[9.253ms] [34;1m[rows:-][0m SELECT c.column_name, constraint_name, constraint_type FROM information_schema.table_constraints tc JOIN information_schema.constraint_column_usage AS ccu USING (constraint_schema, constraint_catalog, table_name, constraint_name) JOIN information_schema.columns AS c ON c.table_schema = tc.constraint_schema AND tc.table_name = c.table_name AND ccu.column_name = c.column_name WHERE constraint_type IN ('PRIMARY KEY', 'UNIQUE') AND c.table_catalog = $1$ AND c.table_schema = CURRENT_SCHEMA() AND c.table_name = $2$

2024/11/28 14:47:55 [32m/Users/joshuanissenbaum/Programming/scriptag/services/go-api/config/db.go:43
[0m[33m[0.822ms] [34;1m[rows:-][0m SELECT a.attname as column_name, format_type(a.atttypid, a.atttypmod) AS data_type
		FROM pg_attribute a JOIN pg_class b ON a.attrelid = b.oid AND relnamespace = (SELECT oid FROM pg_catalog.pg_namespace WHERE nspname = CURRENT_SCHEMA())
		WHERE a.attnum > 0 -- hide internal columns
		AND NOT a.attisdropped -- hide deleted columns
		AND b.relname = $1$

2024/11/28 14:47:55 [32m/Users/joshuanissenbaum/Programming/scriptag/services/go-api/config/db.go:43
[0m[33m[2.426ms] [34;1m[rows:0][0m SELECT description FROM pg_catalog.pg_description WHERE objsubid = (SELECT ordinal_position FROM information_schema.columns WHERE table_schema = CURRENT_SCHEMA() AND table_name = 'users' AND column_name = 'id') AND objoid = (SELECT oid FROM pg_catalog.pg_class WHERE relname = 'users' AND relnamespace = (SELECT oid FROM pg_catalog.pg_namespace WHERE nspname = CURRENT_SCHEMA()))

2024/11/28 14:47:55 [32m/Users/joshuanissenbaum/Programming/scriptag/services/go-api/config/db.go:43
[0m[33m[2.300ms] [34;1m[rows:0][0m SELECT description FROM pg_catalog.pg_description WHERE objsubid = (SELECT ordinal_position FROM information_schema.columns WHERE table_schema = CURRENT_SCHEMA() AND table_name = 'users' AND column_name = 'created_at') AND objoid = (SELECT oid FROM pg_catalog.pg_class WHERE relname = 'users' AND relnamespace = (SELECT oid FROM pg_catalog.pg_namespace WHERE nspname = CURRENT_SCHEMA()))

2024/11/28 14:47:55 [32m/Users/joshuanissenbaum/Programming/scriptag/services/go-api/config/db.go:43
[0m[33m[2.359ms] [34;1m[rows:0][0m SELECT description FROM pg_catalog.pg_description WHERE objsubid = (SELECT ordinal_position FROM information_schema.columns WHERE table_schema = CURRENT_SCHEMA() AND table_name = 'users' AND column_name = 'updated_at') AND objoid = (SELECT oid FROM pg_catalog.pg_class WHERE relname = 'users' AND relnamespace = (SELECT oid FROM pg_catalog.pg_namespace WHERE nspname = CURRENT_SCHEMA()))

2024/11/28 14:47:55 [32m/Users/joshuanissenbaum/Programming/scriptag/services/go-api/config/db.go:43
[0m[33m[1.940ms] [34;1m[rows:0][0m SELECT description FROM pg_catalog.pg_description WHERE objsubid = (SELECT ordinal_position FROM information_schema.columns WHERE table_schema = CURRENT_SCHEMA() AND table_name = 'users' AND column_name = 'deleted_at') AND objoid = (SELECT oid FROM pg_catalog.pg_class WHERE relname = 'users' AND relnamespace = (SELECT oid FROM pg_catalog.pg_namespace WHERE nspname = CURRENT_SCHEMA()))

2024/11/28 14:47:55 [32m/Users/joshuanissenbaum/Programming/scriptag/services/go-api/config/db.go:43
[0m[33m[1.992ms] [34;1m[rows:0][0m SELECT description FROM pg_catalog.pg_description WHERE objsubid = (SELECT ordinal_position FROM information_schema.columns WHERE table_schema = CURRENT_SCHEMA() AND table_name = 'users' AND column_name = 'email') AND objoid = (SELECT oid FROM pg_catalog.pg_class WHERE relname = 'users' AND relnamespace = (SELECT oid FROM pg_catalog.pg_namespace WHERE nspname = CURRENT_SCHEMA()))

2024/11/28 14:47:55 [32m/Users/joshuanissenbaum/Programming/scriptag/services/go-api/config/db.go:43
[0m[33m[2.065ms] [34;1m[rows:0][0m SELECT description FROM pg_catalog.pg_description WHERE objsubid = (SELECT ordinal_position FROM information_schema.columns WHERE table_schema = CURRENT_SCHEMA() AND table_name = 'users' AND column_name = 'password') AND objoid = (SELECT oid FROM pg_catalog.pg_class WHERE relname = 'users' AND relnamespace = (SELECT oid FROM pg_catalog.pg_namespace WHERE nspname = CURRENT_SCHEMA()))

2024/11/28 14:47:55 [32m/Users/joshuanissenbaum/Programming/scriptag/services/go-api/config/db.go:43
[0m[33m[1.798ms] [34;1m[rows:1][0m SELECT count(*) FROM pg_indexes WHERE tablename = 'users' AND indexname = 'idx_users_deleted_at' AND schemaname = CURRENT_SCHEMA()

2024/11/28 14:47:55 [32m/Users/joshuanissenbaum/Programming/scriptag/services/go-api/config/db.go:43
[0m[33m[0.608ms] [34;1m[rows:1][0m SELECT count(*) FROM information_schema.tables WHERE table_schema = CURRENT_SCHEMA() AND table_name = 'medications' AND table_type = 'BASE TABLE'

2024/11/28 14:47:55 [32m/Users/joshuanissenbaum/Programming/scriptag/services/go-api/config/db.go:43
[0m[33m[0.097ms] [34;1m[rows:1][0m SELECT CURRENT_DATABASE()

2024/11/28 14:47:55 [32m/Users/joshuanissenbaum/Programming/scriptag/services/go-api/config/db.go:43
[0m[33m[5.060ms] [34;1m[rows:-][0m SELECT c.column_name, c.is_nullable = 'YES', c.udt_name, c.character_maximum_length, c.numeric_precision, c.numeric_precision_radix, c.numeric_scale, c.datetime_precision, 8 * typlen, c.column_default, pd.description, c.identity_increment FROM information_schema.columns AS c JOIN pg_type AS pgt ON c.udt_name = pgt.typname LEFT JOIN pg_catalog.pg_description as pd ON pd.objsubid = c.ordinal_position AND pd.objoid = (SELECT oid FROM pg_catalog.pg_class WHERE relname = c.table_name AND relnamespace = (SELECT oid FROM pg_catalog.pg_namespace WHERE nspname = c.table_schema)) where table_catalog = $1$ AND table_schema = CURRENT_SCHEMA() AND table_name = $2$

2024/11/28 14:47:55 [32m/Users/joshuanissenbaum/Programming/scriptag/services/go-api/config/db.go:43
[0m[33m[0.690ms] [34;1m[rows:-][0m SELECT * FROM "medications" LIMIT $1$

2024/11/28 14:47:55 [32m/Users/joshuanissenbaum/Programming/scriptag/services/go-api/config/db.go:43
[0m[33m[7.107ms] [34;1m[rows:-][0m SELECT constraint_name FROM information_schema.table_constraints tc JOIN information_schema.constraint_column_usage AS ccu USING (constraint_schema, constraint_catalog, table_name, constraint_name) JOIN information_schema.columns AS c ON c.table_schema = tc.constraint_schema AND tc.table_name = c.table_name AND ccu.column_name = c.column_name WHERE constraint_type IN ('PRIMARY KEY', 'UNIQUE') AND c.table_catalog = $1$ AND c.table_schema = CURRENT_SCHEMA() AND c.table_name = $2$ AND constraint_type = $3$

2024/11/28 14:47:55 [32m/Users/joshuanissenbaum/Programming/scriptag/services/go-api/config/db.go:43
[0m[33m[5.676ms] [34;1m[rows:-][0m SELECT c.column_name, constraint_name, constraint_type FROM information_schema.table_constraints tc JOIN information_schema.constraint_column_usage AS ccu USING (constraint_schema, constraint_catalog, table_name, constraint_name) JOIN information_schema.columns AS c ON c.table_schema = tc.constraint_schema AND tc.table_name = c.table_name AND ccu.column_name = c.column_name WHERE constraint_type IN ('PRIMARY KEY', 'UNIQUE') AND c.table_catalog = $1$ AND c.table_schema = CURRENT_SCHEMA() AND c.table_name = $2$

2024/11/28 14:47:55 [32m/Users/joshuanissenbaum/Programming/scriptag/services/go-api/config/db.go:43
[0m[33m[0.372ms] [34;1m[rows:-][0m SELECT a.attname as column_name, format_type(a.atttypid, a.atttypmod) AS data_type
		FROM pg_attribute a JOIN pg_class b ON a.attrelid = b.oid AND relnamespace = (SELECT oid FROM pg_catalog.pg_namespace WHERE nspname = CURRENT_SCHEMA())
		WHERE a.attnum > 0 -- hide internal columns
		AND NOT a.attisdropped -- hide deleted columns
		AND b.relname = $1$

2024/11/28 14:47:55 [32m/Users/joshuanissenbaum/Programming/scriptag/services/go-api/config/db.go:43
[0m[33m[0.273ms] [34;1m[rows:0][0m SELECT description FROM pg_catalog.pg_description WHERE objsubid = (SELECT ordinal_position FROM information_schema.columns WHERE table_schema = CURRENT_SCHEMA() AND table_name = 'medications' AND column_name = 'id') AND objoid = (SELECT oid FROM pg_catalog.pg_class WHERE relname = 'medications' AND relnamespace = (SELECT oid FROM pg_catalog.pg_namespace WHERE nspname = CURRENT_SCHEMA()))

2024/11/28 14:47:55 [32m/Users/joshuanissenbaum/Programming/scriptag/services/go-api/config/db.go:43
[0m[33m[0.202ms] [34;1m[rows:0][0m SELECT description FROM pg_catalog.pg_description WHERE objsubid = (SELECT ordinal_position FROM information_schema.columns WHERE table_schema = CURRENT_SCHEMA() AND table_name = 'medications' AND column_name = 'created_at') AND objoid = (SELECT oid FROM pg_catalog.pg_class WHERE relname = 'medications' AND relnamespace = (SELECT oid FROM pg_catalog.pg_namespace WHERE nspname = CURRENT_SCHEMA()))

2024/11/28 14:47:55 [32m/Users/joshuanissenbaum/Programming/scriptag/services/go-api/config/db.go:43
[0m[33m[0.250ms] [34;1m[rows:0][0m SELECT description FROM pg_catalog.pg_description WHERE objsubid = (SELECT ordinal_position FROM information_schema.columns WHERE table_schema = CURRENT_SCHEMA() AND table_name = 'medications' AND column_name = 'updated_at') AND objoid = (SELECT oid FROM pg_catalog.pg_class WHERE relname = 'medications' AND relnamespace = (SELECT oid FROM pg_catalog.pg_namespace WHERE nspname = CURRENT_SCHEMA()))

2024/11/28 14:47:55 [32m/Users/joshuanissenbaum/Programming/scriptag/services/go-api/config/db.go:43
[0m[33m[0.267ms] [34;1m[rows:0][0m SELECT description FROM pg_catalog.pg_description WHERE objsubid = (SELECT ordinal_position FROM information_schema.columns WHERE table_schema = CURRENT_SCHEMA() AND table_name = 'medications' AND column_name = 'deleted_at') AND objoid = (SELECT oid FROM pg_catalog.pg_class WHERE relname = 'medications' AND relnamespace = (SELECT oid FROM pg_catalog.pg_namespace WHERE nspname = CURRENT_SCHEMA()))

2024/11/28 14:47:55 [32m/Users/joshuanissenbaum/Programming/scriptag/services/go-api/config/db.go:43
[0m[33m[0.216ms] [34;1m[rows:0][0m SELECT description FROM pg_catalog.pg_description WHERE objsubid = (SELECT ordinal_position FROM information_schema.columns WHERE table_schema = CURRENT_SCHEMA() AND table_name = 'medications' AND column_name = 'brand_name') AND objoid = (SELECT oid FROM pg_catalog.pg_class WHERE relname = 'medications' AND relnamespace = (SELECT oid FROM pg_catalog.pg_namespace WHERE nspname = CURRENT_SCHEMA()))

2024/11/28 14:47:55 [32m/Users/joshuanissenbaum/Programming/scriptag/services/go-api/config/db.go:43
[0m[33m[0.215ms] [34;1m[rows:0][0m SELECT description FROM pg_catalog.pg_description WHERE objsubid = (SELECT ordinal_position FROM information_schema.columns WHERE table_schema = CURRENT_SCHEMA() AND table_name = 'medications' AND column_name = 'active_ingredient') AND objoid = (SELECT oid FROM pg_catalog.pg_class WHERE relname = 'medications' AND relnamespace = (SELECT oid FROM pg_catalog.pg_namespace WHERE nspname = CURRENT_SCHEMA()))

2024/11/28 14:47:55 [32m/Users/joshuanissenbaum/Programming/scriptag/services/go-api/config/db.go:43
[0m[33m[0.193ms] [34;1m[rows:0][0m SELECT description FROM pg_catalog.pg_description WHERE objsubid = (SELECT ordinal_position FROM information_schema.columns WHERE table_schema = CURRENT_SCHEMA() AND table_name = 'medications' AND column_name = 'strength') AND objoid = (SELECT oid FROM pg_catalog.pg_class WHERE relname = 'medications' AND relnamespace = (SELECT oid FROM pg_catalog.pg_namespace WHERE nspname = CURRENT_SCHEMA()))

2024/11/28 14:47:55 [32m/Users/joshuanissenbaum/Programming/scriptag/services/go-api/config/db.go:43
[0m[33m[0.485ms] [34;1m[rows:1][0m SELECT count(*) FROM pg_indexes WHERE tablename = 'medications' AND indexname = 'idx_medications_deleted_at' AND schemaname = CURRENT_SCHEMA()

2024/11/28 14:47:55 [32m/Users/joshuanissenbaum/Programming/scriptag/services/go-api/config/db.go:43
[0m[33m[0.404ms] [34;1m[rows:1][0m SELECT count(*) FROM information_schema.tables WHERE table_schema = CURRENT_SCHEMA() AND table_name = 'user_medications' AND table_type = 'BASE TABLE'

2024/11/28 14:47:55 [32m/Users/joshuanissenbaum/Programming/scriptag/services/go-api/config/db.go:43
[0m[33m[0.194ms] [34;1m[rows:1][0m SELECT CURRENT_DATABASE()

2024/11/28 14:47:55 [32m/Users/joshuanissenbaum/Programming/scriptag/services/go-api/config/db.go:43
[0m[33m[3.640ms] [34;1m[rows:-][0m SELECT c.column_name, c.is_nullable = 'YES', c.udt_name, c.character_maximum_length, c.numeric_precision, c.numeric_precision_radix, c.numeric_scale, c.datetime_precision, 8 * typlen, c.column_default, pd.description, c.identity_increment FROM information_schema.columns AS c JOIN pg_type AS pgt ON c.udt_name = pgt.typname LEFT JOIN pg_catalog.pg_description as pd ON pd.objsubid = c.ordinal_position AND pd.objoid = (SELECT oid FROM pg_catalog.pg_class WHERE relname = c.table_name AND relnamespace = (SELECT oid FROM pg_catalog.pg_namespace WHERE nspname = c.table_schema)) where table_catalog = $1$ AND table_schema = CURRENT_SCHEMA() AND table_name = $2$

2024/11/28 14:47:55 [32m/Users/joshuanissenbaum/Programming/scriptag/services/go-api/config/db.go:43
[0m[33m[0.592ms] [34;1m[rows:-][0m SELECT * FROM "user_medications" LIMIT $1$

2024/11/28 14:47:55 [32m/Users/joshuanissenbaum/Programming/scriptag/services/go-api/config/db.go:43
[0m[33m[6.018ms] [34;1m[rows:-][0m SELECT constraint_name FROM information_schema.table_constraints tc JOIN information_schema.constraint_column_usage AS ccu USING (constraint_schema, constraint_catalog, table_name, constraint_name) JOIN information_schema.columns AS c ON c.table_schema = tc.constraint_schema AND tc.table_name = c.table_name AND ccu.column_name = c.column_name WHERE constraint_type IN ('PRIMARY KEY', 'UNIQUE') AND c.table_catalog = $1$ AND c.table_schema = CURRENT_SCHEMA() AND c.table_name = $2$ AND constraint_type = $3$

2024/11/28 14:47:55 [32m/Users/joshuanissenbaum/Programming/scriptag/services/go-api/config/db.go:43
[0m[33m[5.547ms] [34;1m[rows:-][0m SELECT c.column_name, constraint_name, constraint_type FROM information_schema.table_constraints tc JOIN information_schema.constraint_column_usage AS ccu USING (constraint_schema, constraint_catalog, table_name, constraint_name) JOIN information_schema.columns AS c ON c.table_schema = tc.constraint_schema AND tc.table_name = c.table_name AND ccu.column_name = c.column_name WHERE constraint_type IN ('PRIMARY KEY', 'UNIQUE') AND c.table_catalog = $1$ AND c.table_schema = CURRENT_SCHEMA() AND c.table_name = $2$

2024/11/28 14:47:55 [32m/Users/joshuanissenbaum/Programming/scriptag/services/go-api/config/db.go:43
[0m[33m[0.486ms] [34;1m[rows:-][0m SELECT a.attname as column_name, format_type(a.atttypid, a.atttypmod) AS data_type
		FROM pg_attribute a JOIN pg_class b ON a.attrelid = b.oid AND relnamespace = (SELECT oid FROM pg_catalog.pg_namespace WHERE nspname = CURRENT_SCHEMA())
		WHERE a.attnum > 0 -- hide internal columns
		AND NOT a.attisdropped -- hide deleted columns
		AND b.relname = $1$

2024/11/28 14:47:55 [32m/Users/joshuanissenbaum/Programming/scriptag/services/go-api/config/db.go:43
[0m[33m[0.227ms] [34;1m[rows:0][0m SELECT description FROM pg_catalog.pg_description WHERE objsubid = (SELECT ordinal_position FROM information_schema.columns WHERE table_schema = CURRENT_SCHEMA() AND table_name = 'user_medications' AND column_name = 'id') AND objoid = (SELECT oid FROM pg_catalog.pg_class WHERE relname = 'user_medications' AND relnamespace = (SELECT oid FROM pg_catalog.pg_namespace WHERE nspname = CURRENT_SCHEMA()))

2024/11/28 14:47:55 [32m/Users/joshuanissenbaum/Programming/scriptag/services/go-api/config/db.go:43
[0m[33m[0.223ms] [34;1m[rows:0][0m SELECT description FROM pg_catalog.pg_description WHERE objsubid = (SELECT ordinal_position FROM information_schema.columns WHERE table_schema = CURRENT_SCHEMA() AND table_name = 'user_medications' AND column_name = 'created_at') AND objoid = (SELECT oid FROM pg_catalog.pg_class WHERE relname = 'user_medications' AND relnamespace = (SELECT oid FROM pg_catalog.pg_namespace WHERE nspname = CURRENT_SCHEMA()))

2024/11/28 14:47:55 [32m/Users/joshuanissenbaum/Programming/scriptag/services/go-api/config/db.go:43
[0m[33m[0.184ms] [34;1m[rows:0][0m SELECT description FROM pg_catalog.pg_description WHERE objsubid = (SELECT ordinal_position FROM information_schema.columns WHERE table_schema = CURRENT_SCHEMA() AND table_name = 'user_medications' AND column_name = 'updated_at') AND objoid = (SELECT oid FROM pg_catalog.pg_class WHERE relname = 'user_medications' AND relnamespace = (SELECT oid FROM pg_catalog.pg_namespace WHERE nspname = CURRENT_SCHEMA()))

2024/11/28 14:47:55 [32m/Users/joshuanissenbaum/Programming/scriptag/services/go-api/config/db.go:43
[0m[33m[0.190ms] [34;1m[rows:0][0m SELECT description FROM pg_catalog.pg_description WHERE objsubid = (SELECT ordinal_position FROM information_schema.columns WHERE table_schema = CURRENT_SCHEMA() AND table_name = 'user_medications' AND column_name = 'deleted_at') AND objoid = (SELECT oid FROM pg_catalog.pg_class WHERE relname = 'user_medications' AND relnamespace = (SELECT oid FROM pg_catalog.pg_namespace WHERE nspname = CURRENT_SCHEMA()))

2024/11/28 14:47:55 [32m/Users/joshuanissenbaum/Programming/scriptag/services/go-api/config/db.go:43
[0m[33m[0.213ms] [34;1m[rows:0][0m SELECT description FROM pg_catalog.pg_description WHERE objsubid = (SELECT ordinal_position FROM information_schema.columns WHERE table_schema = CURRENT_SCHEMA() AND table_name = 'user_medications' AND column_name = 'user_id') AND objoid = (SELECT oid FROM pg_catalog.pg_class WHERE relname = 'user_medications' AND relnamespace = (SELECT oid FROM pg_catalog.pg_namespace WHERE nspname = CURRENT_SCHEMA()))

2024/11/28 14:47:55 [32m/Users/joshuanissenbaum/Programming/scriptag/services/go-api/config/db.go:43
[0m[33m[0.207ms] [34;1m[rows:0][0m SELECT description FROM pg_catalog.pg_description WHERE objsubid = (SELECT ordinal_position FROM information_schema.columns WHERE table_schema = CURRENT_SCHEMA() AND table_name = 'user_medications' AND column_name = 'medication_id') AND objoid = (SELECT oid FROM pg_catalog.pg_class WHERE relname = 'user_medications' AND relnamespace = (SELECT oid FROM pg_catalog.pg_namespace WHERE nspname = CURRENT_SCHEMA()))

2024/11/28 14:47:55 [32m/Users/joshuanissenbaum/Programming/scriptag/services/go-api/config/db.go:43
[0m[33m[0.217ms] [34;1m[rows:0][0m SELECT description FROM pg_catalog.pg_description WHERE objsubid = (SELECT ordinal_position FROM information_schema.columns WHERE table_schema = CURRENT_SCHEMA() AND table_name = 'user_medications' AND column_name = 'strength') AND objoid = (SELECT oid FROM pg_catalog.pg_class WHERE relname = 'user_medications' AND relnamespace = (SELECT oid FROM pg_catalog.pg_namespace WHERE nspname = CURRENT_SCHEMA()))

2024/11/28 14:47:55 [32m/Users/joshuanissenbaum/Programming/scriptag/services/go-api/config/db.go:43
[0m[33m[0.254ms] [34;1m[rows:0][0m SELECT description FROM pg_catalog.pg_description WHERE objsubid = (SELECT ordinal_position FROM information_schema.columns WHERE table_schema = CURRENT_SCHEMA() AND table_name = 'user_medications' AND column_name = 'reminder_date_time') AND objoid = (SELECT oid FROM pg_catalog.pg_class WHERE relname = 'user_medications' AND relnamespace = (SELECT oid FROM pg_catalog.pg_namespace WHERE nspname = CURRENT_SCHEMA()))

2024/11/28 14:47:55 [32m/Users/joshuanissenbaum/Programming/scriptag/services/go-api/config/db.go:43
[0m[33m[0.975ms] [34;1m[rows:1][0m SELECT count(*) FROM INFORMATION_SCHEMA.table_constraints WHERE table_schema = CURRENT_SCHEMA() AND table_name = 'user_medications' AND constraint_name = 'fk_user_medications_user'

2024/11/28 14:47:55 [32m/Users/joshuanissenbaum/Programming/scriptag/services/go-api/config/db.go:43
[0m[33m[0.757ms] [34;1m[rows:1][0m SELECT count(*) FROM INFORMATION_SCHEMA.table_constraints WHERE table_schema = CURRENT_SCHEMA() AND table_name = 'user_medications' AND constraint_name = 'fk_user_medications_medication'

2024/11/28 14:47:55 [32m/Users/joshuanissenbaum/Programming/scriptag/services/go-api/config/db.go:43
[0m[33m[0.710ms] [34;1m[rows:1][0m SELECT count(*) FROM pg_indexes WHERE tablename = 'user_medications' AND indexname = 'idx_user_medications_medication_id' AND schemaname = CURRENT_SCHEMA()

2024/11/28 14:47:55 [32m/Users/joshuanissenbaum/Programming/scriptag/services/go-api/config/db.go:43
[0m[33m[0.510ms] [34;1m[rows:1][0m SELECT count(*) FROM pg_indexes WHERE tablename = 'user_medications' AND indexname = 'idx_user_medications_deleted_at' AND schemaname = CURRENT_SCHEMA()

2024/11/28 14:47:55 [32m/Users/joshuanissenbaum/Programming/scriptag/services/go-api/config/db.go:43
[0m[33m[0.398ms] [34;1m[rows:1][0m SELECT count(*) FROM information_schema.tables WHERE table_schema = CURRENT_SCHEMA() AND table_name = 'user_fcm_tokens' AND table_type = 'BASE TABLE'

2024/11/28 14:47:55 [32m/Users/joshuanissenbaum/Programming/scriptag/services/go-api/config/db.go:43
[0m[33m[0.139ms] [34;1m[rows:1][0m SELECT CURRENT_DATABASE()

2024/11/28 14:47:55 [32m/Users/joshuanissenbaum/Programming/scriptag/services/go-api/config/db.go:43
[0m[33m[3.549ms] [34;1m[rows:-][0m SELECT c.column_name, c.is_nullable = 'YES', c.udt_name, c.character_maximum_length, c.numeric_precision, c.numeric_precision_radix, c.numeric_scale, c.datetime_precision, 8 * typlen, c.column_default, pd.description, c.identity_increment FROM information_schema.columns AS c JOIN pg_type AS pgt ON c.udt_name = pgt.typname LEFT JOIN pg_catalog.pg_description as pd ON pd.objsubid = c.ordinal_position AND pd.objoid = (SELECT oid FROM pg_catalog.pg_class WHERE relname = c.table_name AND relnamespace = (SELECT oid FROM pg_catalog.pg_namespace WHERE nspname = c.table_schema)) where table_catalog = $1$ AND table_schema = CURRENT_SCHEMA() AND table_name = $2$

2024/11/28 14:47:55 [32m/Users/joshuanissenbaum/Programming/scriptag/services/go-api/config/db.go:43
[0m[33m[0.450ms] [34;1m[rows:-][0m SELECT * FROM "user_fcm_tokens" LIMIT $1$

2024/11/28 14:47:55 [32m/Users/joshuanissenbaum/Programming/scriptag/services/go-api/config/db.go:43
[0m[33m[4.965ms] [34;1m[rows:-][0m SELECT constraint_name FROM information_schema.table_constraints tc JOIN information_schema.constraint_column_usage AS ccu USING (constraint_schema, constraint_catalog, table_name, constraint_name) JOIN information_schema.columns AS c ON c.table_schema = tc.constraint_schema AND tc.table_name = c.table_name AND ccu.column_name = c.column_name WHERE constraint_type IN ('PRIMARY KEY', 'UNIQUE') AND c.table_catalog = $1$ AND c.table_schema = CURRENT_SCHEMA() AND c.table_name = $2$ AND constraint_type = $3$

2024/11/28 14:47:55 [32m/Users/joshuanissenbaum/Programming/scriptag/services/go-api/config/db.go:43
[0m[33m[4.752ms] [34;1m[rows:-][0m SELECT c.column_name, constraint_name, constraint_type FROM information_schema.table_constraints tc JOIN information_schema.constraint_column_usage AS ccu USING (constraint_schema, constraint_catalog, table_name, constraint_name) JOIN information_schema.columns AS c ON c.table_schema = tc.constraint_schema AND tc.table_name = c.table_name AND ccu.column_name = c.column_name WHERE constraint_type IN ('PRIMARY KEY', 'UNIQUE') AND c.table_catalog = $1$ AND c.table_schema = CURRENT_SCHEMA() AND c.table_name = $2$

2024/11/28 14:47:55 [32m/Users/joshuanissenbaum/Programming/scriptag/services/go-api/config/db.go:43
[0m[33m[0.415ms] [34;1m[rows:-][0m SELECT a.attname as column_name, format_type(a.atttypid, a.atttypmod) AS data_type
		FROM pg_attribute a JOIN pg_class b ON a.attrelid = b.oid AND relnamespace = (SELECT oid FROM pg_catalog.pg_namespace WHERE nspname = CURRENT_SCHEMA())
		WHERE a.attnum > 0 -- hide internal columns
		AND NOT a.attisdropped -- hide deleted columns
		AND b.relname = $1$

2024/11/28 14:47:55 [32m/Users/joshuanissenbaum/Programming/scriptag/services/go-api/config/db.go:43
[0m[33m[0.311ms] [34;1m[rows:0][0m SELECT description FROM pg_catalog.pg_description WHERE objsubid = (SELECT ordinal_position FROM information_schema.columns WHERE table_schema = CURRENT_SCHEMA() AND table_name = 'user_fcm_tokens' AND column_name = 'id') AND objoid = (SELECT oid FROM pg_catalog.pg_class WHERE relname = 'user_fcm_tokens' AND relnamespace = (SELECT oid FROM pg_catalog.pg_namespace WHERE nspname = CURRENT_SCHEMA()))

2024/11/28 14:47:55 [32m/Users/joshuanissenbaum/Programming/scriptag/services/go-api/config/db.go:43
[0m[33m[0.246ms] [34;1m[rows:0][0m SELECT description FROM pg_catalog.pg_description WHERE objsubid = (SELECT ordinal_position FROM information_schema.columns WHERE table_schema = CURRENT_SCHEMA() AND table_name = 'user_fcm_tokens' AND column_name = 'created_at') AND objoid = (SELECT oid FROM pg_catalog.pg_class WHERE relname = 'user_fcm_tokens' AND relnamespace = (SELECT oid FROM pg_catalog.pg_namespace WHERE nspname = CURRENT_SCHEMA()))

2024/11/28 14:47:55 [32m/Users/joshuanissenbaum/Programming/scriptag/services/go-api/config/db.go:43
[0m[33m[0.246ms] [34;1m[rows:0][0m SELECT description FROM pg_catalog.pg_description WHERE objsubid = (SELECT ordinal_position FROM information_schema.columns WHERE table_schema = CURRENT_SCHEMA() AND table_name = 'user_fcm_tokens' AND column_name = 'updated_at') AND objoid = (SELECT oid FROM pg_catalog.pg_class WHERE relname = 'user_fcm_tokens' AND relnamespace = (SELECT oid FROM pg_catalog.pg_namespace WHERE nspname = CURRENT_SCHEMA()))

2024/11/28 14:47:55 [32m/Users/joshuanissenbaum/Programming/scriptag/services/go-api/config/db.go:43
[0m[33m[0.228ms] [34;1m[rows:0][0m SELECT description FROM pg_catalog.pg_description WHERE objsubid = (SELECT ordinal_position FROM information_schema.columns WHERE table_schema = CURRENT_SCHEMA() AND table_name = 'user_fcm_tokens' AND column_name = 'deleted_at') AND objoid = (SELECT oid FROM pg_catalog.pg_class WHERE relname = 'user_fcm_tokens' AND relnamespace = (SELECT oid FROM pg_catalog.pg_namespace WHERE nspname = CURRENT_SCHEMA()))

2024/11/28 14:47:55 [32m/Users/joshuanissenbaum/Programming/scriptag/services/go-api/config/db.go:43
[0m[33m[0.269ms] [34;1m[rows:0][0m SELECT description FROM pg_catalog.pg_description WHERE objsubid = (SELECT ordinal_position FROM information_schema.columns WHERE table_schema = CURRENT_SCHEMA() AND table_name = 'user_fcm_tokens' AND column_name = 'token') AND objoid = (SELECT oid FROM pg_catalog.pg_class WHERE relname = 'user_fcm_tokens' AND relnamespace = (SELECT oid FROM pg_catalog.pg_namespace WHERE nspname = CURRENT_SCHEMA()))

2024/11/28 14:47:55 [32m/Users/joshuanissenbaum/Programming/scriptag/services/go-api/config/db.go:43
[0m[33m[0.194ms] [34;1m[rows:0][0m SELECT description FROM pg_catalog.pg_description WHERE objsubid = (SELECT ordinal_position FROM information_schema.columns WHERE table_schema = CURRENT_SCHEMA() AND table_name = 'user_fcm_tokens' AND column_name = 'user_id') AND objoid = (SELECT oid FROM pg_catalog.pg_class WHERE relname = 'user_fcm_tokens' AND relnamespace = (SELECT oid FROM pg_catalog.pg_namespace WHERE nspname = CURRENT_SCHEMA()))

2024/11/28 14:47:55 [32m/Users/joshuanissenbaum/Programming/scriptag/services/go-api/config/db.go:43
[0m[33m[0.850ms] [34;1m[rows:1][0m SELECT count(*) FROM INFORMATION_SCHEMA.table_constraints WHERE table_schema = CURRENT_SCHEMA() AND table_name = 'user_fcm_tokens' AND constraint_name = 'fk_user_fcm_tokens_user'

2024/11/28 14:47:55 [32m/Users/joshuanissenbaum/Programming/scriptag/services/go-api/config/db.go:43
[0m[33m[0.485ms] [34;1m[rows:1][0m SELECT count(*) FROM pg_indexes WHERE tablename = 'user_fcm_tokens' AND indexname = 'idx_user_fcm_tokens_deleted_at' AND schemaname = CURRENT_SCHEMA()

2024/11/28 14:47:55 [32m/Users/joshuanissenbaum/Programming/scriptag/services/go-api/config/db.go:81
[0m[33m[0.533ms] [34;1m[rows:0][0m 
        CREATE INDEX IF NOT EXISTS idx_gin_brand_name_active_ingredient
        ON medications
        USING gin (
            to_tsvector('english', "brand_name"),
            to_tsvector('english', "active_ingredient")
        );
    

2024/11/28 14:47:59 [32m/Users/joshuanissenbaum/Programming/scriptag/services/go-api/adapters/repository/user_repository.go:20
[0m[33m[29.811ms] [34;1m[rows:1][0m SELECT * FROM "users" WHERE id = $1$ AND "users"."deleted_at" IS NULL ORDER BY "users"."id" LIMIT $2$

2024/11/28 14:47:59 [32m/Users/joshuanissenbaum/go/pkg/mod/github.com/pilagod/gorm-cursor-paginator/v2@v2.6.1/paginator/paginator.go:86
[0m[33m[27.452ms] [34;1m[rows:6][0m SELECT * FROM "medications" WHERE (to_tsvector('english', brand_name) @@ to_tsquery('english', $1$) OR to_tsvector('english', active_ingredient) @@ to_tsquery('english', $2$)) AND "medications"."deleted_at" IS NULL ORDER BY medications.created_at ASC, medications.id ASC LIMIT $3$

2024/11/28 14:51:22 [32m/Users/joshuanissenbaum/Programming/scriptag/services/go-api/adapters/repository/user_repository.go:20
[0m[33m[1.118ms] [34;1m[rows:1][0m SELECT * FROM "users" WHERE id = $1$ AND "users"."deleted_at" IS NULL ORDER BY "users"."id" LIMIT $2$

2024/11/28 14:51:22 [32m/Users/joshuanissenbaum/go/pkg/mod/github.com/pilagod/gorm-cursor-paginator/v2@v2.6.1/paginator/paginator.go:86
[0m[33m[0.904ms] [34;1m[rows:11][0m SELECT * FROM "medications" WHERE (to_tsvector('english', brand_name) @@ to_tsquery('english', $1$) OR to_tsvector('english', active_ingredient) @@ to_tsquery('english', $2$)) AND "medications"."deleted_at" IS NULL ORDER BY medications.created_at ASC, medications.id ASC LIMIT $3$

2024/11/28 14:51:27 [32m/Users/joshuanissenbaum/Programming/scriptag/services/go-api/adapters/repository/user_repository.go:20
[0m[33m[4.079ms] [34;1m[rows:1][0m SELECT * FROM "users" WHERE id = $1$ AND "users"."deleted_at" IS NULL ORDER BY "users"."id" LIMIT $2$

2024/11/28 14:51:27 [32m/Users/joshuanissenbaum/go/pkg/mod/github.com/pilagod/gorm-cursor-paginator/v2@v2.6.1/paginator/paginator.go:86
[0m[33m[6.596ms] [34;1m[rows:10][0m SELECT * FROM "medications" WHERE (to_tsvector('english', brand_name) @@ to_tsquery('english', $1$) OR to_tsvector('english', active_ingredient) @@ to_tsquery('english', $2$) AND (medications.created_at, medications.id) > ($3$,$4$)) AND "medications"."deleted_at" IS NULL ORDER BY medications.created_at ASC, medications.id ASC LIMIT $5$

2024/11/28 14:52:40 [32m/Users/joshuanissenbaum/Programming/scriptag/services/go-api/adapters/repository/user_repository.go:20
[0m[33m[1.254ms] [34;1m[rows:1][0m SELECT * FROM "users" WHERE id = $1$ AND "users"."deleted_at" IS NULL ORDER BY "users"."id" LIMIT $2$

2024/11/28 14:52:40 [32m/Users/joshuanissenbaum/go/pkg/mod/github.com/pilagod/gorm-cursor-paginator/v2@v2.6.1/paginator/paginator.go:86
[0m[33m[2.081ms] [34;1m[rows:11][0m SELECT * FROM "medications" WHERE (to_tsvector('english', brand_name) @@ to_tsquery('english', $1$) OR to_tsvector('english', active_ingredient) @@ to_tsquery('english', $2$)) AND "medications"."deleted_at" IS NULL ORDER BY medications.created_at ASC, medications.id ASC LIMIT $3$

2024/11/28 14:52:50 [32m/Users/joshuanissenbaum/Programming/scriptag/services/go-api/adapters/repository/user_repository.go:20
[0m[33m[1.345ms] [34;1m[rows:1][0m SELECT * FROM "users" WHERE id = $1$ AND "users"."deleted_at" IS NULL ORDER BY "users"."id" LIMIT $2$

2024/11/28 14:52:50 [32m/Users/joshuanissenbaum/go/pkg/mod/github.com/pilagod/gorm-cursor-paginator/v2@v2.6.1/paginator/paginator.go:86
[0m[33m[16.845ms] [34;1m[rows:11][0m SELECT * FROM "medications" WHERE (to_tsvector('english', brand_name) @@ to_tsquery('english', $1$) OR to_tsvector('english', active_ingredient) @@ to_tsquery('english', $2$) AND (medications.created_at, medications.id) > ($3$,$4$)) AND "medications"."deleted_at" IS NULL ORDER BY medications.created_at ASC, medications.id ASC LIMIT $5$

2024/11/28 14:52:55 [32m/Users/joshuanissenbaum/Programming/scriptag/services/go-api/adapters/repository/user_repository.go:20
[0m[33m[2.564ms] [34;1m[rows:1][0m SELECT * FROM "users" WHERE id = $1$ AND "users"."deleted_at" IS NULL ORDER BY "users"."id" LIMIT $2$

2024/11/28 14:52:55 [32m/Users/joshuanissenbaum/go/pkg/mod/github.com/pilagod/gorm-cursor-paginator/v2@v2.6.1/paginator/paginator.go:86
[0m[33m[1.646ms] [34;1m[rows:11][0m SELECT * FROM "medications" WHERE (to_tsvector('english', brand_name) @@ to_tsquery('english', $1$) OR to_tsvector('english', active_ingredient) @@ to_tsquery('english', $2$) AND (medications.created_at, medications.id) > ($3$,$4$)) AND "medications"."deleted_at" IS NULL ORDER BY medications.created_at ASC, medications.id ASC LIMIT $5$

2024/11/28 14:53:23 [32m/Users/joshuanissenbaum/Programming/scriptag/services/go-api/adapters/repository/user_repository.go:20
[0m[33m[2.773ms] [34;1m[rows:1][0m SELECT * FROM "users" WHERE id = $1$ AND "users"."deleted_at" IS NULL ORDER BY "users"."id" LIMIT $2$

2024/11/28 14:53:23 [32m/Users/joshuanissenbaum/go/pkg/mod/github.com/pilagod/gorm-cursor-paginator/v2@v2.6.1/paginator/paginator.go:86
[0m[33m[3.185ms] [34;1m[rows:11][0m SELECT * FROM "medications" WHERE (to_tsvector('english', brand_name) @@ to_tsquery('english', $1$) OR to_tsvector('english', active_ingredient) @@ to_tsquery('english', $2$) AND (medications.created_at, medications.id) > ($3$,$4$)) AND "medications"."deleted_at" IS NULL ORDER BY medications.created_at ASC, medications.id ASC LIMIT $5$

2024/11/28 14:53:39 [32m/Users/joshuanissenbaum/Programming/scriptag/services/go-api/adapters/repository/user_repository.go:20
[0m[33m[1.563ms] [34;1m[rows:1][0m SELECT * FROM "users" WHERE id = $1$ AND "users"."deleted_at" IS NULL ORDER BY "users"."id" LIMIT $2$

2024/11/28 14:53:39 [32m/Users/joshuanissenbaum/go/pkg/mod/github.com/pilagod/gorm-cursor-paginator/v2@v2.6.1/paginator/paginator.go:86
[0m[33m[1.777ms] [34;1m[rows:11][0m SELECT * FROM "medications" WHERE (to_tsvector('english', brand_name) @@ to_tsquery('english', $1$) OR to_tsvector('english', active_ingredient) @@ to_tsquery('english', $2$)) AND "medications"."deleted_at" IS NULL ORDER BY medications.created_at ASC, medications.id ASC LIMIT $3$

2024/11/28 14:53:44 [32m/Users/joshuanissenbaum/Programming/scriptag/services/go-api/adapters/repository/user_repository.go:20
[0m[33m[0.922ms] [34;1m[rows:1][0m SELECT * FROM "users" WHERE id = $1$ AND "users"."deleted_at" IS NULL ORDER BY "users"."id" LIMIT $2$

2024/11/28 14:53:44 [32m/Users/joshuanissenbaum/go/pkg/mod/github.com/pilagod/gorm-cursor-paginator/v2@v2.6.1/paginator/paginator.go:86
[0m[33m[2.681ms] [34;1m[rows:11][0m SELECT * FROM "medications" WHERE (to_tsvector('english', brand_name) @@ to_tsquery('english', $1$) OR to_tsvector('english', active_ingredient) @@ to_tsquery('english', $2$) AND (medications.created_at, medications.id) > ($3$,$4$)) AND "medications"."deleted_at" IS NULL ORDER BY medications.created_at ASC, medications.id ASC LIMIT $5$

2024/11/28 14:53:54 [32m/Users/joshuanissenbaum/Programming/scriptag/services/go-api/adapters/repository/user_repository.go:20
[0m[33m[2.276ms] [34;1m[rows:1][0m SELECT * FROM "users" WHERE id = $1$ AND "users"."deleted_at" IS NULL ORDER BY "users"."id" LIMIT $2$

2024/11/28 14:53:54 [32m/Users/joshuanissenbaum/go/pkg/mod/github.com/pilagod/gorm-cursor-paginator/v2@v2.6.1/paginator/paginator.go:86
[0m[33m[13.721ms] [34;1m[rows:11][0m SELECT * FROM "medications" WHERE (to_tsvector('english', brand_name) @@ to_tsquery('english', $1$) OR to_tsvector('english', active_ingredient) @@ to_tsquery('english', $2$) AND (medications.created_at, medications.id) > ($3$,$4$)) AND "medications"."deleted_at" IS NULL ORDER BY medications.created_at ASC, medications.id ASC LIMIT $5$

2024/11/28 14:54:04 [32m/Users/joshuanissenbaum/Programming/scriptag/services/go-api/adapters/repository/user_repository.go:20
[0m[33m[1.343ms] [34;1m[rows:1][0m SELECT * FROM "users" WHERE id = $1$ AND "users"."deleted_at" IS NULL ORDER BY "users"."id" LIMIT $2$

2024/11/28 14:54:04 [32m/Users/joshuanissenbaum/go/pkg/mod/github.com/pilagod/gorm-cursor-paginator/v2@v2.6.1/paginator/paginator.go:86
[0m[33m[1.309ms] [34;1m[rows:11][0m SELECT * FROM "medications" WHERE (to_tsvector('english', brand_name) @@ to_tsquery('english', $1$) OR to_tsvector('english', active_ingredient) @@ to_tsquery('english', $2$)) AND "medications"."deleted_at" IS NULL ORDER BY medications.created_at ASC, medications.id ASC LIMIT $3$

2024/11/28 14:54:04 [32m/Users/joshuanissenbaum/Programming/scriptag/services/go-api/adapters/repository/user_repository.go:20
[0m[33m[2.160ms] [34;1m[rows:1][0m SELECT * FROM "users" WHERE id = $1$ AND "users"."deleted_at" IS NULL ORDER BY "users"."id" LIMIT $2$

2024/11/28 14:54:04 [32m/Users/joshuanissenbaum/go/pkg/mod/github.com/pilagod/gorm-cursor-paginator/v2@v2.6.1/paginator/paginator.go:86
[0m[33m[1.803ms] [34;1m[rows:11][0m SELECT * FROM "medications" WHERE (to_tsvector('english', brand_name) @@ to_tsquery('english', $1$) OR to_tsvector('english', active_ingredient) @@ to_tsquery('english', $2$)) AND "medications"."deleted_at" IS NULL ORDER BY medications.created_at ASC, medications.id ASC LIMIT $3$

2024/11/28 14:54:07 [32m/Users/joshuanissenbaum/Programming/scriptag/services/go-api/adapters/repository/user_repository.go:20
[0m[33m[2.080ms] [34;1m[rows:1][0m SELECT * FROM "users" WHERE id = $1$ AND "users"."deleted_at" IS NULL ORDER BY "users"."id" LIMIT $2$

2024/11/28 14:54:07 [32m/Users/joshuanissenbaum/go/pkg/mod/github.com/pilagod/gorm-cursor-paginator/v2@v2.6.1/paginator/paginator.go:86
[0m[33m[0.856ms] [34;1m[rows:11][0m SELECT * FROM "medications" WHERE (to_tsvector('english', brand_name) @@ to_tsquery('english', $1$) OR to_tsvector('english', active_ingredient) @@ to_tsquery('english', $2$)) AND "medications"."deleted_at" IS NULL ORDER BY medications.created_at ASC, medications.id ASC LIMIT $3$

2024/11/28 14:54:09 [32m/Users/joshuanissenbaum/Programming/scriptag/services/go-api/adapters/repository/user_repository.go:20
[0m[33m[1.915ms] [34;1m[rows:1][0m SELECT * FROM "users" WHERE id = $1$ AND "users"."deleted_at" IS NULL ORDER BY "users"."id" LIMIT $2$

2024/11/28 14:54:09 [32m/Users/joshuanissenbaum/go/pkg/mod/github.com/pilagod/gorm-cursor-paginator/v2@v2.6.1/paginator/paginator.go:86
[0m[33m[0.946ms] [34;1m[rows:11][0m SELECT * FROM "medications" WHERE (to_tsvector('english', brand_name) @@ to_tsquery('english', $1$) OR to_tsvector('english', active_ingredient) @@ to_tsquery('english', $2$)) AND "medications"."deleted_at" IS NULL ORDER BY medications.created_at ASC, medications.id ASC LIMIT $3$

2024/11/28 14:54:13 [32m/Users/joshuanissenbaum/Programming/scriptag/services/go-api/adapters/repository/user_repository.go:20
[0m[33m[1.157ms] [34;1m[rows:1][0m SELECT * FROM "users" WHERE id = $1$ AND "users"."deleted_at" IS NULL ORDER BY "users"."id" LIMIT $2$

2024/11/28 14:54:13 [32m/Users/joshuanissenbaum/go/pkg/mod/github.com/pilagod/gorm-cursor-paginator/v2@v2.6.1/paginator/paginator.go:86
[0m[33m[2.125ms] [34;1m[rows:11][0m SELECT * FROM "medications" WHERE (to_tsvector('english', brand_name) @@ to_tsquery('english', $1$) OR to_tsvector('english', active_ingredient) @@ to_tsquery('english', $2$) AND (medications.created_at, medications.id) > ($3$,$4$)) AND "medications"."deleted_at" IS NULL ORDER BY medications.created_at ASC, medications.id ASC LIMIT $5$

2024/11/28 14:54:19 [32m/Users/joshuanissenbaum/Programming/scriptag/services/go-api/adapters/repository/user_repository.go:20
[0m[33m[4.804ms] [34;1m[rows:1][0m SELECT * FROM "users" WHERE id = $1$ AND "users"."deleted_at" IS NULL ORDER BY "users"."id" LIMIT $2$

2024/11/28 14:54:19 [32m/Users/joshuanissenbaum/go/pkg/mod/github.com/pilagod/gorm-cursor-paginator/v2@v2.6.1/paginator/paginator.go:86
[0m[33m[13.171ms] [34;1m[rows:11][0m SELECT * FROM "medications" WHERE (to_tsvector('english', brand_name) @@ to_tsquery('english', $1$) OR to_tsvector('english', active_ingredient) @@ to_tsquery('english', $2$) AND (medications.created_at, medications.id) > ($3$,$4$)) AND "medications"."deleted_at" IS NULL ORDER BY medications.created_at ASC, medications.id ASC LIMIT $5$

2024/11/28 14:54:32 [32m/Users/joshuanissenbaum/Programming/scriptag/services/go-api/adapters/repository/user_repository.go:20
[0m[33m[3.070ms] [34;1m[rows:1][0m SELECT * FROM "users" WHERE id = $1$ AND "users"."deleted_at" IS NULL ORDER BY "users"."id" LIMIT $2$

2024/11/28 14:54:32 [32m/Users/joshuanissenbaum/go/pkg/mod/github.com/pilagod/gorm-cursor-paginator/v2@v2.6.1/paginator/paginator.go:86
[0m[33m[0.765ms] [34;1m[rows:11][0m SELECT * FROM "medications" WHERE (to_tsvector('english', brand_name) @@ to_tsquery('english', $1$) OR to_tsvector('english', active_ingredient) @@ to_tsquery('english', $2$)) AND "medications"."deleted_at" IS NULL ORDER BY medications.created_at ASC, medications.id ASC LIMIT $3$

2024/11/28 14:54:38 [32m/Users/joshuanissenbaum/Programming/scriptag/services/go-api/adapters/repository/user_repository.go:20
[0m[33m[0.889ms] [34;1m[rows:1][0m SELECT * FROM "users" WHERE id = $1$ AND "users"."deleted_at" IS NULL ORDER BY "users"."id" LIMIT $2$

2024/11/28 14:54:38 [32m/Users/joshuanissenbaum/go/pkg/mod/github.com/pilagod/gorm-cursor-paginator/v2@v2.6.1/paginator/paginator.go:86
[0m[33m[0.667ms] [34;1m[rows:11][0m SELECT * FROM "medications" WHERE (to_tsvector('english', brand_name) @@ to_tsquery('english', $1$) OR to_tsvector('english', active_ingredient) @@ to_tsquery('english', $2$) AND (medications.created_at, medications.id) > ($3$,$4$)) AND "medications"."deleted_at" IS NULL ORDER BY medications.created_at ASC, medications.id ASC LIMIT $5$

2024/11/28 14:54:40 [32m/Users/joshuanissenbaum/Programming/scriptag/services/go-api/adapters/repository/user_repository.go:20
[0m[33m[2.195ms] [34;1m[rows:1][0m SELECT * FROM "users" WHERE id = $1$ AND "users"."deleted_at" IS NULL ORDER BY "users"."id" LIMIT $2$

2024/11/28 14:54:40 [32m/Users/joshuanissenbaum/go/pkg/mod/github.com/pilagod/gorm-cursor-paginator/v2@v2.6.1/paginator/paginator.go:86
[0m[33m[0.804ms] [34;1m[rows:11][0m SELECT * FROM "medications" WHERE (to_tsvector('english', brand_name) @@ to_tsquery('english', $1$) OR to_tsvector('english', active_ingredient) @@ to_tsquery('english', $2$) AND (medications.created_at, medications.id) > ($3$,$4$)) AND "medications"."deleted_at" IS NULL ORDER BY medications.created_at ASC, medications.id ASC LIMIT $5$

2024/11/28 14:54:44 [32m/Users/joshuanissenbaum/Programming/scriptag/services/go-api/adapters/repository/user_repository.go:20
[0m[33m[2.506ms] [34;1m[rows:1][0m SELECT * FROM "users" WHERE id = $1$ AND "users"."deleted_at" IS NULL ORDER BY "users"."id" LIMIT $2$

2024/11/28 14:54:44 [32m/Users/joshuanissenbaum/go/pkg/mod/github.com/pilagod/gorm-cursor-paginator/v2@v2.6.1/paginator/paginator.go:86
[0m[33m[0.691ms] [34;1m[rows:11][0m SELECT * FROM "medications" WHERE (to_tsvector('english', brand_name) @@ to_tsquery('english', $1$) OR to_tsvector('english', active_ingredient) @@ to_tsquery('english', $2$) AND (medications.created_at, medications.id) > ($3$,$4$)) AND "medications"."deleted_at" IS NULL ORDER BY medications.created_at ASC, medications.id ASC LIMIT $5$

2024/11/28 14:55:11 [32m/Users/joshuanissenbaum/Programming/scriptag/services/go-api/adapters/repository/user_repository.go:20
[0m[33m[3.233ms] [34;1m[rows:1][0m SELECT * FROM "users" WHERE id = $1$ AND "users"."deleted_at" IS NULL ORDER BY "users"."id" LIMIT $2$

2024/11/28 14:55:11 [32m/Users/joshuanissenbaum/go/pkg/mod/github.com/pilagod/gorm-cursor-paginator/v2@v2.6.1/paginator/paginator.go:86
[0m[33m[2.033ms] [34;1m[rows:4][0m SELECT * FROM "medications" WHERE (to_tsvector('english', brand_name) @@ to_tsquery('english', $1$) OR to_tsvector('english', active_ingredient) @@ to_tsquery('english', $2$)) AND "medications"."deleted_at" IS NULL ORDER BY medications.created_at ASC, medications.id ASC LIMIT $3$

2024/11/28 14:56:34 [32m/Users/joshuanissenbaum/Programming/scriptag/services/go-api/adapters/repository/user_repository.go:20
[0m[33m[0.718ms] [34;1m[rows:1][0m SELECT * FROM "users" WHERE id = $1$ AND "users"."deleted_at" IS NULL ORDER BY "users"."id" LIMIT $2$

2024/11/28 14:56:34 [32m/Users/joshuanissenbaum/go/pkg/mod/github.com/pilagod/gorm-cursor-paginator/v2@v2.6.1/paginator/paginator.go:86
[0m[33m[0.820ms] [34;1m[rows:0][0m SELECT * FROM "medications" WHERE (to_tsvector('english', brand_name) @@ to_tsquery('english', $1$) OR to_tsvector('english', active_ingredient) @@ to_tsquery('english', $2$)) AND "medications"."deleted_at" IS NULL ORDER BY medications.created_at ASC, medications.id ASC LIMIT $3$

2024/11/28 14:56:36 [32m/Users/joshuanissenbaum/Programming/scriptag/services/go-api/adapters/repository/user_repository.go:20
[0m[33m[0.711ms] [34;1m[rows:1][0m SELECT * FROM "users" WHERE id = $1$ AND "users"."deleted_at" IS NULL ORDER BY "users"."id" LIMIT $2$

2024/11/28 14:56:36 [32m/Users/joshuanissenbaum/go/pkg/mod/github.com/pilagod/gorm-cursor-paginator/v2@v2.6.1/paginator/paginator.go:86
[0m[33m[0.374ms] [34;1m[rows:0][0m SELECT * FROM "medications" WHERE (to_tsvector('english', brand_name) @@ to_tsquery('english', $1$) OR to_tsvector('english', active_ingredient) @@ to_tsquery('english', $2$)) AND "medications"."deleted_at" IS NULL ORDER BY medications.created_at ASC, medications.id ASC LIMIT $3$

2024/11/28 14:56:37 [32m/Users/joshuanissenbaum/Programming/scriptag/services/go-api/adapters/repository/user_repository.go:20
[0m[33m[1.296ms] [34;1m[rows:1][0m SELECT * FROM "users" WHERE id = $1$ AND "users"."deleted_at" IS NULL ORDER BY "users"."id" LIMIT $2$

2024/11/28 14:56:37 [32m/Users/joshuanissenbaum/go/pkg/mod/github.com/pilagod/gorm-cursor-paginator/v2@v2.6.1/paginator/paginator.go:86
[0m[33m[0.286ms] [34;1m[rows:0][0m SELECT * FROM "medications" WHERE (to_tsvector('english', brand_name) @@ to_tsquery('english', $1$) OR to_tsvector('english', active_ingredient) @@ to_tsquery('english', $2$)) AND "medications"."deleted_at" IS NULL ORDER BY medications.created_at ASC, medications.id ASC LIMIT $3$

2024/11/28 14:56:39 [32m/Users/joshuanissenbaum/Programming/scriptag/services/go-api/adapters/repository/user_repository.go:20
[0m[33m[4.669ms] [34;1m[rows:1][0m SELECT * FROM "users" WHERE id = $1$ AND "users"."deleted_at" IS NULL ORDER BY "users"."id" LIMIT $2$

2024/11/28 14:56:39 [32m/Users/joshuanissenbaum/go/pkg/mod/github.com/pilagod/gorm-cursor-paginator/v2@v2.6.1/paginator/paginator.go:86
[0m[33m[1.173ms] [34;1m[rows:11][0m SELECT * FROM "medications" WHERE (to_tsvector('english', brand_name) @@ to_tsquery('english', $1$) OR to_tsvector('english', active_ingredient) @@ to_tsquery('english', $2$)) AND "medications"."deleted_at" IS NULL ORDER BY medications.created_at ASC, medications.id ASC LIMIT $3$

2024/11/28 14:56:41 [32m/Users/joshuanissenbaum/Programming/scriptag/services/go-api/adapters/repository/user_repository.go:20
[0m[33m[1.373ms] [34;1m[rows:1][0m SELECT * FROM "users" WHERE id = $1$ AND "users"."deleted_at" IS NULL ORDER BY "users"."id" LIMIT $2$

2024/11/28 14:56:41 [32m/Users/joshuanissenbaum/go/pkg/mod/github.com/pilagod/gorm-cursor-paginator/v2@v2.6.1/paginator/paginator.go:86
[0m[33m[1.041ms] [34;1m[rows:11][0m SELECT * FROM "medications" WHERE (to_tsvector('english', brand_name) @@ to_tsquery('english', $1$) OR to_tsvector('english', active_ingredient) @@ to_tsquery('english', $2$)) AND "medications"."deleted_at" IS NULL ORDER BY medications.created_at ASC, medications.id ASC LIMIT $3$

2024/11/28 14:56:52 [32m/Users/joshuanissenbaum/Programming/scriptag/services/go-api/adapters/repository/user_repository.go:20
[0m[33m[1.221ms] [34;1m[rows:1][0m SELECT * FROM "users" WHERE id = $1$ AND "users"."deleted_at" IS NULL ORDER BY "users"."id" LIMIT $2$

2024/11/28 14:56:52 [32m/Users/joshuanissenbaum/go/pkg/mod/github.com/pilagod/gorm-cursor-paginator/v2@v2.6.1/paginator/paginator.go:86
[0m[33m[1.615ms] [34;1m[rows:11][0m SELECT * FROM "medications" WHERE (to_tsvector('english', brand_name) @@ to_tsquery('english', $1$) OR to_tsvector('english', active_ingredient) @@ to_tsquery('english', $2$) AND (medications.created_at, medications.id) > ($3$,$4$)) AND "medications"."deleted_at" IS NULL ORDER BY medications.created_at ASC, medications.id ASC LIMIT $5$

2024/11/28 14:57:01 [32m/Users/joshuanissenbaum/Programming/scriptag/services/go-api/adapters/repository/user_repository.go:20
[0m[33m[0.655ms] [34;1m[rows:1][0m SELECT * FROM "users" WHERE id = $1$ AND "users"."deleted_at" IS NULL ORDER BY "users"."id" LIMIT $2$

2024/11/28 14:57:01 [32m/Users/joshuanissenbaum/go/pkg/mod/github.com/pilagod/gorm-cursor-paginator/v2@v2.6.1/paginator/paginator.go:86
[0m[33m[0.609ms] [34;1m[rows:11][0m SELECT * FROM "medications" WHERE (to_tsvector('english', brand_name) @@ to_tsquery('english', $1$) OR to_tsvector('english', active_ingredient) @@ to_tsquery('english', $2$)) AND "medications"."deleted_at" IS NULL ORDER BY medications.created_at ASC, medications.id ASC LIMIT $3$

2024/11/28 14:57:03 [32m/Users/joshuanissenbaum/Programming/scriptag/services/go-api/adapters/repository/user_repository.go:20
[0m[33m[2.381ms] [34;1m[rows:1][0m SELECT * FROM "users" WHERE id = $1$ AND "users"."deleted_at" IS NULL ORDER BY "users"."id" LIMIT $2$

2024/11/28 14:57:03 [32m/Users/joshuanissenbaum/go/pkg/mod/github.com/pilagod/gorm-cursor-paginator/v2@v2.6.1/paginator/paginator.go:86
[0m[33m[0.892ms] [34;1m[rows:11][0m SELECT * FROM "medications" WHERE (to_tsvector('english', brand_name) @@ to_tsquery('english', $1$) OR to_tsvector('english', active_ingredient) @@ to_tsquery('english', $2$)) AND "medications"."deleted_at" IS NULL ORDER BY medications.created_at ASC, medications.id ASC LIMIT $3$

2024/11/28 14:57:08 [32m/Users/joshuanissenbaum/Programming/scriptag/services/go-api/adapters/repository/user_repository.go:20
[0m[33m[1.332ms] [34;1m[rows:1][0m SELECT * FROM "users" WHERE id = $1$ AND "users"."deleted_at" IS NULL ORDER BY "users"."id" LIMIT $2$

2024/11/28 14:57:08 [32m/Users/joshuanissenbaum/go/pkg/mod/github.com/pilagod/gorm-cursor-paginator/v2@v2.6.1/paginator/paginator.go:86
[0m[33m[2.042ms] [34;1m[rows:11][0m SELECT * FROM "medications" WHERE (to_tsvector('english', brand_name) @@ to_tsquery('english', $1$) OR to_tsvector('english', active_ingredient) @@ to_tsquery('english', $2$) AND (medications.created_at, medications.id) > ($3$,$4$)) AND "medications"."deleted_at" IS NULL ORDER BY medications.created_at ASC, medications.id ASC LIMIT $5$

2024/11/28 14:57:17 [32m/Users/joshuanissenbaum/Programming/scriptag/services/go-api/adapters/repository/user_repository.go:20
[0m[33m[2.337ms] [34;1m[rows:1][0m SELECT * FROM "users" WHERE id = $1$ AND "users"."deleted_at" IS NULL ORDER BY "users"."id" LIMIT $2$

2024/11/28 14:57:17 [32m/Users/joshuanissenbaum/go/pkg/mod/github.com/pilagod/gorm-cursor-paginator/v2@v2.6.1/paginator/paginator.go:86
[0m[33m[1.727ms] [34;1m[rows:11][0m SELECT * FROM "medications" WHERE (to_tsvector('english', brand_name) @@ to_tsquery('english', $1$) OR to_tsvector('english', active_ingredient) @@ to_tsquery('english', $2$) AND (medications.created_at, medications.id) > ($3$,$4$)) AND "medications"."deleted_at" IS NULL ORDER BY medications.created_at ASC, medications.id ASC LIMIT $5$

2024/11/28 14:57:22 [32m/Users/joshuanissenbaum/Programming/scriptag/services/go-api/adapters/repository/user_repository.go:20
[0m[33m[1.362ms] [34;1m[rows:1][0m SELECT * FROM "users" WHERE id = $1$ AND "users"."deleted_at" IS NULL ORDER BY "users"."id" LIMIT $2$

2024/11/28 14:57:22 [32m/Users/joshuanissenbaum/go/pkg/mod/github.com/pilagod/gorm-cursor-paginator/v2@v2.6.1/paginator/paginator.go:86
[0m[33m[4.548ms] [34;1m[rows:11][0m SELECT * FROM "medications" WHERE (to_tsvector('english', brand_name) @@ to_tsquery('english', $1$) OR to_tsvector('english', active_ingredient) @@ to_tsquery('english', $2$) AND (medications.created_at, medications.id) > ($3$,$4$)) AND "medications"."deleted_at" IS NULL ORDER BY medications.created_at ASC, medications.id ASC LIMIT $5$

2024/11/28 14:57:29 [32m/Users/joshuanissenbaum/Programming/scriptag/services/go-api/adapters/repository/user_repository.go:20
[0m[33m[1.851ms] [34;1m[rows:1][0m SELECT * FROM "users" WHERE id = $1$ AND "users"."deleted_at" IS NULL ORDER BY "users"."id" LIMIT $2$

2024/11/28 14:57:29 [32m/Users/joshuanissenbaum/go/pkg/mod/github.com/pilagod/gorm-cursor-paginator/v2@v2.6.1/paginator/paginator.go:86
[0m[33m[0.604ms] [34;1m[rows:11][0m SELECT * FROM "medications" WHERE (to_tsvector('english', brand_name) @@ to_tsquery('english', $1$) OR to_tsvector('english', active_ingredient) @@ to_tsquery('english', $2$)) AND "medications"."deleted_at" IS NULL ORDER BY medications.created_at ASC, medications.id ASC LIMIT $3$

2024/11/28 14:57:58 [32m/Users/joshuanissenbaum/Programming/scriptag/services/go-api/adapters/repository/user_repository.go:20
[0m[33m[3.042ms] [34;1m[rows:1][0m SELECT * FROM "users" WHERE id = $1$ AND "users"."deleted_at" IS NULL ORDER BY "users"."id" LIMIT $2$

2024/11/28 14:57:58 [32m/Users/joshuanissenbaum/go/pkg/mod/github.com/pilagod/gorm-cursor-paginator/v2@v2.6.1/paginator/paginator.go:86
[0m[33m[1.195ms] [34;1m[rows:11][0m SELECT * FROM "medications" WHERE (to_tsvector('english', brand_name) @@ to_tsquery('english', $1$) OR to_tsvector('english', active_ingredient) @@ to_tsquery('english', $2$)) AND "medications"."deleted_at" IS NULL ORDER BY medications.created_at ASC, medications.id ASC LIMIT $3$

2024/11/28 14:58:02 [32m/Users/joshuanissenbaum/Programming/scriptag/services/go-api/adapters/repository/user_repository.go:20
[0m[33m[0.954ms] [34;1m[rows:1][0m SELECT * FROM "users" WHERE id = $1$ AND "users"."deleted_at" IS NULL ORDER BY "users"."id" LIMIT $2$

2024/11/28 14:58:02 [32m/Users/joshuanissenbaum/go/pkg/mod/github.com/pilagod/gorm-cursor-paginator/v2@v2.6.1/paginator/paginator.go:86
[0m[33m[0.888ms] [34;1m[rows:11][0m SELECT * FROM "medications" WHERE (to_tsvector('english', brand_name) @@ to_tsquery('english', $1$) OR to_tsvector('english', active_ingredient) @@ to_tsquery('english', $2$)) AND "medications"."deleted_at" IS NULL ORDER BY medications.created_at ASC, medications.id ASC LIMIT $3$

2024/11/28 14:58:04 [32m/Users/joshuanissenbaum/Programming/scriptag/services/go-api/adapters/repository/user_repository.go:20
[0m[33m[2.137ms] [34;1m[rows:1][0m SELECT * FROM "users" WHERE id = $1$ AND "users"."deleted_at" IS NULL ORDER BY "users"."id" LIMIT $2$

2024/11/28 14:58:04 [32m/Users/joshuanissenbaum/go/pkg/mod/github.com/pilagod/gorm-cursor-paginator/v2@v2.6.1/paginator/paginator.go:86
[0m[33m[0.882ms] [34;1m[rows:10][0m SELECT * FROM "medications" WHERE (to_tsvector('english', brand_name) @@ to_tsquery('english', $1$) OR to_tsvector('english', active_ingredient) @@ to_tsquery('english', $2$) AND (medications.created_at, medications.id) > ($3$,$4$)) AND "medications"."deleted_at" IS NULL ORDER BY medications.created_at ASC, medications.id ASC LIMIT $5$

2024/11/28 14:58:11 [32m/Users/joshuanissenbaum/Programming/scriptag/services/go-api/adapters/repository/user_repository.go:20
[0m[33m[15.563ms] [34;1m[rows:1][0m SELECT * FROM "users" WHERE id = $1$ AND "users"."deleted_at" IS NULL ORDER BY "users"."id" LIMIT $2$

2024/11/28 14:58:11 [32m/Users/joshuanissenbaum/go/pkg/mod/github.com/pilagod/gorm-cursor-paginator/v2@v2.6.1/paginator/paginator.go:86
[0m[33m[3.333ms] [34;1m[rows:1][0m SELECT * FROM "medications" WHERE (to_tsvector('english', brand_name) @@ to_tsquery('english', $1$) OR to_tsvector('english', active_ingredient) @@ to_tsquery('english', $2$)) AND "medications"."deleted_at" IS NULL ORDER BY medications.created_at ASC, medications.id ASC LIMIT $3$

2024/11/28 14:59:37 [32m/Users/joshuanissenbaum/Programming/scriptag/services/go-api/adapters/repository/user_repository.go:20
[0m[33m[0.602ms] [34;1m[rows:1][0m SELECT * FROM "users" WHERE id = $1$ AND "users"."deleted_at" IS NULL ORDER BY "users"."id" LIMIT $2$

2024/11/28 14:59:37 [32m/Users/joshuanissenbaum/go/pkg/mod/github.com/pilagod/gorm-cursor-paginator/v2@v2.6.1/paginator/paginator.go:86
[0m[33m[3.332ms] [34;1m[rows:11][0m SELECT * FROM "medications" WHERE (to_tsvector('english', brand_name) @@ to_tsquery('english', $1$) OR to_tsvector('english', active_ingredient) @@ to_tsquery('english', $2$)) AND "medications"."deleted_at" IS NULL ORDER BY medications.created_at ASC, medications.id ASC LIMIT $3$

2024/11/28 15:00:31 [32m/Users/joshuanissenbaum/Programming/scriptag/services/go-api/adapters/repository/user_repository.go:20
[0m[33m[0.790ms] [34;1m[rows:1][0m SELECT * FROM "users" WHERE id = $1$ AND "users"."deleted_at" IS NULL ORDER BY "users"."id" LIMIT $2$

2024/11/28 15:00:32 [32m/Users/joshuanissenbaum/go/pkg/mod/github.com/pilagod/gorm-cursor-paginator/v2@v2.6.1/paginator/paginator.go:86
[0m[33m[22.005ms] [34;1m[rows:11][0m SELECT * FROM "medications" WHERE (to_tsvector('english', brand_name) @@ to_tsquery('english', $1$) OR to_tsvector('english', active_ingredient) @@ to_tsquery('english', $2$) AND (medications.created_at, medications.id) > ($3$,$4$)) AND "medications"."deleted_at" IS NULL ORDER BY medications.created_at ASC, medications.id ASC LIMIT $5$

2024/11/28 15:00:33 [32m/Users/joshuanissenbaum/Programming/scriptag/services/go-api/adapters/repository/user_repository.go:20
[0m[33m[3.440ms] [34;1m[rows:1][0m SELECT * FROM "users" WHERE id = $1$ AND "users"."deleted_at" IS NULL ORDER BY "users"."id" LIMIT $2$

2024/11/28 15:00:33 [32m/Users/joshuanissenbaum/go/pkg/mod/github.com/pilagod/gorm-cursor-paginator/v2@v2.6.1/paginator/paginator.go:86
[0m[33m[29.899ms] [34;1m[rows:11][0m SELECT * FROM "medications" WHERE (to_tsvector('english', brand_name) @@ to_tsquery('english', $1$) OR to_tsvector('english', active_ingredient) @@ to_tsquery('english', $2$) AND (medications.created_at, medications.id) > ($3$,$4$)) AND "medications"."deleted_at" IS NULL ORDER BY medications.created_at ASC, medications.id ASC LIMIT $5$

2024/11/28 15:01:17 [32m/Users/joshuanissenbaum/Programming/scriptag/services/go-api/adapters/repository/user_repository.go:20
[0m[33m[2.634ms] [34;1m[rows:1][0m SELECT * FROM "users" WHERE id = $1$ AND "users"."deleted_at" IS NULL ORDER BY "users"."id" LIMIT $2$

2024/11/28 15:01:17 [32m/Users/joshuanissenbaum/go/pkg/mod/github.com/pilagod/gorm-cursor-paginator/v2@v2.6.1/paginator/paginator.go:86
[0m[33m[2.424ms] [34;1m[rows:11][0m SELECT * FROM "medications" WHERE (to_tsvector('english', brand_name) @@ to_tsquery('english', $1$) OR to_tsvector('english', active_ingredient) @@ to_tsquery('english', $2$)) AND "medications"."deleted_at" IS NULL ORDER BY medications.created_at ASC, medications.id ASC LIMIT $3$

2024/11/28 15:01:20 [32m/Users/joshuanissenbaum/Programming/scriptag/services/go-api/adapters/repository/user_repository.go:20
[0m[33m[3.490ms] [34;1m[rows:1][0m SELECT * FROM "users" WHERE id = $1$ AND "users"."deleted_at" IS NULL ORDER BY "users"."id" LIMIT $2$

2024/11/28 15:01:20 [32m/Users/joshuanissenbaum/go/pkg/mod/github.com/pilagod/gorm-cursor-paginator/v2@v2.6.1/paginator/paginator.go:86
[0m[33m[1.688ms] [34;1m[rows:11][0m SELECT * FROM "medications" WHERE (to_tsvector('english', brand_name) @@ to_tsquery('english', $1$) OR to_tsvector('english', active_ingredient) @@ to_tsquery('english', $2$)) AND "medications"."deleted_at" IS NULL ORDER BY medications.created_at ASC, medications.id ASC LIMIT $3$

2024/11/28 15:01:22 [32m/Users/joshuanissenbaum/Programming/scriptag/services/go-api/adapters/repository/user_repository.go:20
[0m[33m[1.521ms] [34;1m[rows:1][0m SELECT * FROM "users" WHERE id = $1$ AND "users"."deleted_at" IS NULL ORDER BY "users"."id" LIMIT $2$

2024/11/28 15:01:22 [32m/Users/joshuanissenbaum/go/pkg/mod/github.com/pilagod/gorm-cursor-paginator/v2@v2.6.1/paginator/paginator.go:86
[0m[33m[0.943ms] [34;1m[rows:11][0m SELECT * FROM "medications" WHERE (to_tsvector('english', brand_name) @@ to_tsquery('english', $1$) OR to_tsvector('english', active_ingredient) @@ to_tsquery('english', $2$)) AND "medications"."deleted_at" IS NULL ORDER BY medications.created_at ASC, medications.id ASC LIMIT $3$

2024/11/28 15:01:37 [32m/Users/joshuanissenbaum/Programming/scriptag/services/go-api/adapters/repository/user_repository.go:20
[0m[33m[1.470ms] [34;1m[rows:1][0m SELECT * FROM "users" WHERE id = $1$ AND "users"."deleted_at" IS NULL ORDER BY "users"."id" LIMIT $2$

2024/11/28 15:01:37 [32m/Users/joshuanissenbaum/go/pkg/mod/github.com/pilagod/gorm-cursor-paginator/v2@v2.6.1/paginator/paginator.go:86
[0m[33m[0.957ms] [34;1m[rows:11][0m SELECT * FROM "medications" WHERE (to_tsvector('english', brand_name) @@ to_tsquery('english', $1$) OR to_tsvector('english', active_ingredient) @@ to_tsquery('english', $2$) AND (medications.created_at, medications.id) > ($3$,$4$)) AND "medications"."deleted_at" IS NULL ORDER BY medications.created_at ASC, medications.id ASC LIMIT $5$

2024/11/28 15:01:40 [32m/Users/joshuanissenbaum/Programming/scriptag/services/go-api/adapters/repository/user_repository.go:20
[0m[33m[4.192ms] [34;1m[rows:1][0m SELECT * FROM "users" WHERE id = $1$ AND "users"."deleted_at" IS NULL ORDER BY "users"."id" LIMIT $2$

2024/11/28 15:01:40 [32m/Users/joshuanissenbaum/go/pkg/mod/github.com/pilagod/gorm-cursor-paginator/v2@v2.6.1/paginator/paginator.go:86
[0m[33m[2.466ms] [34;1m[rows:11][0m SELECT * FROM "medications" WHERE (to_tsvector('english', brand_name) @@ to_tsquery('english', $1$) OR to_tsvector('english', active_ingredient) @@ to_tsquery('english', $2$) AND (medications.created_at, medications.id) > ($3$,$4$)) AND "medications"."deleted_at" IS NULL ORDER BY medications.created_at ASC, medications.id ASC LIMIT $5$

2024/11/28 15:01:53 [32m/Users/joshuanissenbaum/Programming/scriptag/services/go-api/adapters/repository/user_repository.go:20
[0m[33m[2.618ms] [34;1m[rows:1][0m SELECT * FROM "users" WHERE id = $1$ AND "users"."deleted_at" IS NULL ORDER BY "users"."id" LIMIT $2$

2024/11/28 15:01:53 [32m/Users/joshuanissenbaum/go/pkg/mod/github.com/pilagod/gorm-cursor-paginator/v2@v2.6.1/paginator/paginator.go:86
[0m[33m[5.100ms] [34;1m[rows:0][0m SELECT * FROM "medications" WHERE (to_tsvector('english', brand_name) @@ to_tsquery('english', $1$) OR to_tsvector('english', active_ingredient) @@ to_tsquery('english', $2$)) AND "medications"."deleted_at" IS NULL ORDER BY medications.created_at ASC, medications.id ASC LIMIT $3$

2024/11/28 15:01:54 [32m/Users/joshuanissenbaum/Programming/scriptag/services/go-api/adapters/repository/user_repository.go:20
[0m[33m[5.136ms] [34;1m[rows:1][0m SELECT * FROM "users" WHERE id = $1$ AND "users"."deleted_at" IS NULL ORDER BY "users"."id" LIMIT $2$

2024/11/28 15:01:54 [32m/Users/joshuanissenbaum/go/pkg/mod/github.com/pilagod/gorm-cursor-paginator/v2@v2.6.1/paginator/paginator.go:86
[0m[33m[0.413ms] [34;1m[rows:0][0m SELECT * FROM "medications" WHERE (to_tsvector('english', brand_name) @@ to_tsquery('english', $1$) OR to_tsvector('english', active_ingredient) @@ to_tsquery('english', $2$)) AND "medications"."deleted_at" IS NULL ORDER BY medications.created_at ASC, medications.id ASC LIMIT $3$

2024/11/28 15:01:55 [32m/Users/joshuanissenbaum/Programming/scriptag/services/go-api/adapters/repository/user_repository.go:20
[0m[33m[1.702ms] [34;1m[rows:1][0m SELECT * FROM "users" WHERE id = $1$ AND "users"."deleted_at" IS NULL ORDER BY "users"."id" LIMIT $2$

2024/11/28 15:01:55 [32m/Users/joshuanissenbaum/go/pkg/mod/github.com/pilagod/gorm-cursor-paginator/v2@v2.6.1/paginator/paginator.go:86
[0m[33m[3.245ms] [34;1m[rows:11][0m SELECT * FROM "medications" WHERE (to_tsvector('english', brand_name) @@ to_tsquery('english', $1$) OR to_tsvector('english', active_ingredient) @@ to_tsquery('english', $2$)) AND "medications"."deleted_at" IS NULL ORDER BY medications.created_at ASC, medications.id ASC LIMIT $3$

2024/11/28 15:01:56 [32m/Users/joshuanissenbaum/Programming/scriptag/services/go-api/adapters/repository/user_repository.go:20
[0m[33m[1.701ms] [34;1m[rows:1][0m SELECT * FROM "users" WHERE id = $1$ AND "users"."deleted_at" IS NULL ORDER BY "users"."id" LIMIT $2$

2024/11/28 15:01:56 [32m/Users/joshuanissenbaum/go/pkg/mod/github.com/pilagod/gorm-cursor-paginator/v2@v2.6.1/paginator/paginator.go:86
[0m[33m[0.997ms] [34;1m[rows:11][0m SELECT * FROM "medications" WHERE (to_tsvector('english', brand_name) @@ to_tsquery('english', $1$) OR to_tsvector('english', active_ingredient) @@ to_tsquery('english', $2$)) AND "medications"."deleted_at" IS NULL ORDER BY medications.created_at ASC, medications.id ASC LIMIT $3$

2024/11/28 15:01:57 [32m/Users/joshuanissenbaum/Programming/scriptag/services/go-api/adapters/repository/user_repository.go:20
[0m[33m[9.368ms] [34;1m[rows:1][0m SELECT * FROM "users" WHERE id = $1$ AND "users"."deleted_at" IS NULL ORDER BY "users"."id" LIMIT $2$

2024/11/28 15:01:57 [32m/Users/joshuanissenbaum/go/pkg/mod/github.com/pilagod/gorm-cursor-paginator/v2@v2.6.1/paginator/paginator.go:86
[0m[33m[0.447ms] [34;1m[rows:1][0m SELECT * FROM "medications" WHERE (to_tsvector('english', brand_name) @@ to_tsquery('english', $1$) OR to_tsvector('english', active_ingredient) @@ to_tsquery('english', $2$)) AND "medications"."deleted_at" IS NULL ORDER BY medications.created_at ASC, medications.id ASC LIMIT $3$

2024/11/28 15:01:58 [32m/Users/joshuanissenbaum/Programming/scriptag/services/go-api/adapters/repository/user_repository.go:20
[0m[33m[1.716ms] [34;1m[rows:1][0m SELECT * FROM "users" WHERE id = $1$ AND "users"."deleted_at" IS NULL ORDER BY "users"."id" LIMIT $2$

2024/11/28 15:01:58 [32m/Users/joshuanissenbaum/go/pkg/mod/github.com/pilagod/gorm-cursor-paginator/v2@v2.6.1/paginator/paginator.go:86
[0m[33m[0.389ms] [34;1m[rows:1][0m SELECT * FROM "medications" WHERE (to_tsvector('english', brand_name) @@ to_tsquery('english', $1$) OR to_tsvector('english', active_ingredient) @@ to_tsquery('english', $2$)) AND "medications"."deleted_at" IS NULL ORDER BY medications.created_at ASC, medications.id ASC LIMIT $3$

2024/11/28 15:02:01 [32m/Users/joshuanissenbaum/Programming/scriptag/services/go-api/adapters/repository/user_repository.go:20
[0m[33m[2.064ms] [34;1m[rows:1][0m SELECT * FROM "users" WHERE id = $1$ AND "users"."deleted_at" IS NULL ORDER BY "users"."id" LIMIT $2$

2024/11/28 15:02:01 [32m/Users/joshuanissenbaum/go/pkg/mod/github.com/pilagod/gorm-cursor-paginator/v2@v2.6.1/paginator/paginator.go:86
[0m[33m[0.748ms] [34;1m[rows:11][0m SELECT * FROM "medications" WHERE (to_tsvector('english', brand_name) @@ to_tsquery('english', $1$) OR to_tsvector('english', active_ingredient) @@ to_tsquery('english', $2$)) AND "medications"."deleted_at" IS NULL ORDER BY medications.created_at ASC, medications.id ASC LIMIT $3$

2024/11/28 15:02:02 [32m/Users/joshuanissenbaum/Programming/scriptag/services/go-api/adapters/repository/user_repository.go:20
[0m[33m[2.777ms] [34;1m[rows:1][0m SELECT * FROM "users" WHERE id = $1$ AND "users"."deleted_at" IS NULL ORDER BY "users"."id" LIMIT $2$

2024/11/28 15:02:02 [32m/Users/joshuanissenbaum/go/pkg/mod/github.com/pilagod/gorm-cursor-paginator/v2@v2.6.1/paginator/paginator.go:86
[0m[33m[1.641ms] [34;1m[rows:11][0m SELECT * FROM "medications" WHERE (to_tsvector('english', brand_name) @@ to_tsquery('english', $1$) OR to_tsvector('english', active_ingredient) @@ to_tsquery('english', $2$)) AND "medications"."deleted_at" IS NULL ORDER BY medications.created_at ASC, medications.id ASC LIMIT $3$

2024/11/28 18:48:39 [32m/Users/joshuanissenbaum/Programming/scriptag/services/go-api/adapters/repository/user_repository.go:20
[0m[33m[1.050ms] [34;1m[rows:1][0m SELECT * FROM "users" WHERE id = $1$ AND "users"."deleted_at" IS NULL ORDER BY "users"."id" LIMIT $2$

2024/11/28 18:48:39 [32m/Users/joshuanissenbaum/go/pkg/mod/github.com/pilagod/gorm-cursor-paginator/v2@v2.6.1/paginator/paginator.go:86
[0m[33m[0.658ms] [34;1m[rows:10][0m SELECT * FROM "medications" WHERE (to_tsvector('english', brand_name) @@ to_tsquery('english', $1$) OR to_tsvector('english', active_ingredient) @@ to_tsquery('english', $2$)) AND "medications"."deleted_at" IS NULL ORDER BY medications.created_at ASC, medications.id ASC LIMIT $3$
